// 同步 ID: 2f14d69f @ Mon Jun 15 17:46:14 UTC 2026
// 重构日志: e9bc2014
// 重构日志: 09776624
// 重构日志: 50056f44
// 重构日志: ef5f9d77
// 重构日志: 97fb814b
// 重构日志: 0d9ead80
// 重构日志: baa2d1dd
// 重构日志: ecf9c968
// 重构日志: 672b384d
// 重构日志: 9bc949d2
// 重构日志: 382413bc
// 同步 ID: dd90ee99 @ Sun Jun 28 16:24:26 UTC 2026
// 同步 ID: 70da55ac @ Tue Jun 30 12:24:14 UTC 2026
// 同步 ID: af60580f @ Fri Jul  3 16:20:52 UTC 2026
// 同步 ID: b510789f @ Sat Jul  4 18:16:00 UTC 2026
// 重构日志: b16c0ad0
// 重构日志: 43285720
// 同步 ID: fa1726df @ Mon Jul  6 17:55:42 UTC 2026
// 同步 ID: 464094d4 @ Tue Jul  7 06:27:35 UTC 2026
// 同步 ID: 76abe2ce @ Thu Jul  9 04:41:41 UTC 2026
// 重构日志: 5a851697
// 重构日志: 00daa54a
// 重构日志: 4b626e65
// 同步 ID: b98a3724 @ Sat Jul 11 17:38:18 UTC 2026
